This is pdfTeX, Version 3.14159265-2.6-1.40.15 (TeX Live 2014/W32TeX) (preloaded format=pdflatex 2019.5.21)  1 DEC 2020 14:21
entering extended mode
 restricted \write18 enabled.
 %&-line parsing enabled.
**95.tex
(./95.tex
LaTeX2e <2014/05/01>
Babel <3.9k> and hyphenation patterns for 78 languages loaded.
(c:/texlive/2014/texmf-dist/tex/latex/base/book.cls
Document Class: book 2007/10/19 v1.4h Standard LaTeX document class
(c:/texlive/2014/texmf-dist/tex/latex/base/bk10.clo
File: bk10.clo 2007/10/19 v1.4h Standard LaTeX file (size option)
)
\c@part=\count79
\c@chapter=\count80
\c@section=\count81
\c@subsection=\count82
\c@subsubsection=\count83
\c@paragraph=\count84
\c@subparagraph=\count85
\c@figure=\count86
\c@table=\count87
\abovecaptionskip=\skip41
\belowcaptionskip=\skip42
\bibindent=\dimen102
) (./95.aux)
\openout1 = `95.aux'.

LaTeX Font Info:    Checking defaults for OML/cmm/m/it on input line 2.
LaTeX Font Info:    ... okay on input line 2.
LaTeX Font Info:    Checking defaults for T1/cmr/m/n on input line 2.
LaTeX Font Info:    ... okay on input line 2.
LaTeX Font Info:    Checking defaults for OT1/cmr/m/n on input line 2.
LaTeX Font Info:    ... okay on input line 2.
LaTeX Font Info:    Checking defaults for OMS/cmsy/m/n on input line 2.
LaTeX Font Info:    ... okay on input line 2.
LaTeX Font Info:    Checking defaults for OMX/cmex/m/n on input line 2.
LaTeX Font Info:    ... okay on input line 2.
LaTeX Font Info:    Checking defaults for U/cmr/m/n on input line 2.
LaTeX Font Info:    ... okay on input line 2.

Underfull \hbox (badness 10000) in paragraph at lines 6--8

 []

[1{c:/texlive/2014/texmf-var/fonts/map/pdftex/updmap/pdftex.map}

] [2] (./95.aux) ) 
Here is how much of TeX's memory you used:
 224 strings out of 493117
 2332 string characters out of 6138984
 57909 words of memory out of 5000000
 3772 multiletter control sequences out of 15000+600000
 3993 words of font info for 15 fonts, out of 8000000 for 9000
 1141 hyphenation exceptions out of 8191
 23i,4n,19p,1100b,142s stack positions out of 5000i,500n,10000p,200000b,80000s
<c:/texlive/2014/texmf-dist/fonts/type1/public/amsfonts/cm/cm
r10.pfb>
Output written on 95.pdf (2 pages, 25403 bytes).
PDF statistics:
 15 PDF objects out of 1000 (max. 8388607)
 9 compressed objects within 1 object stream
 0 named destinations out of 1000 (max. 500000)
 1 words of extra memory for PDF output out of 10000 (max. 10000000)

